<?xml version="1.0" encoding="UTF-8"?>
<!-- Generated by org.testng.reporters.JUnitReportReporter -->
<testsuite skipped="3" hostname="Naelajatr" name="com.travel.tests.User_Admin_Supplier_LoginTest" tests="6" failures="0" timestamp="09 Sep 2017 01:02:58 GMT" time="86.639" errors="0">
  <testcase name="testingSupplierLoginPage" time="28.580" classname="com.travel.tests.User_Admin_Supplier_LoginTest"/>
  <testcase name="testingSupplierLoginPageWithInValidData" time="28.381" classname="com.travel.tests.User_Admin_Supplier_LoginTest"/>
  <testcase name="testingAdministratorLoginPageWithInvalidDate" time="29.678" classname="com.travel.tests.User_Admin_Supplier_LoginTest"/>
  <testcase name="testingHomePageLoginLink" classname="com.travel.tests.User_Admin_Supplier_LoginTest">
    <skipped/>
  </testcase> <!-- testingHomePageLoginLink -->
  <testcase name="testingAdministratorLoginPage" classname="com.travel.tests.User_Admin_Supplier_LoginTest">
    <skipped/>
  </testcase> <!-- testingAdministratorLoginPage -->
  <testcase name="testingHomePageLoginLinkWithInvalidDate" classname="com.travel.tests.User_Admin_Supplier_LoginTest">
    <skipped/>
  </testcase> <!-- testingHomePageLoginLinkWithInvalidDate -->
</testsuite> <!-- com.travel.tests.User_Admin_Supplier_LoginTest -->
