<?xml version="1.0" encoding="UTF-8"?>
<!-- Generated by org.testng.reporters.JUnitReportReporter -->
<testsuite skipped="8" hostname="Naelajatr" name="com.travel.tests.UserTravelPageFunctionalityTest" tests="9" failures="0" timestamp="11 Sep 2017 01:47:32 GMT" time="71.958" errors="0">
  <testcase name="verifyFlightReservation" time="71.958" classname="com.travel.tests.UserTravelPageFunctionalityTest"/>
  <testcase name="verifyCarReservationWithSignIn" classname="com.travel.tests.UserTravelPageFunctionalityTest">
    <skipped/>
  </testcase> <!-- verifyCarReservationWithSignIn -->
  <testcase name="verifyHotelSearhing" classname="com.travel.tests.UserTravelPageFunctionalityTest">
    <skipped/>
  </testcase> <!-- verifyHotelSearhing -->
  <testcase name="verifyCarReservation" classname="com.travel.tests.UserTravelPageFunctionalityTest">
    <skipped/>
  </testcase> <!-- verifyCarReservation -->
  <testcase name="verifyTourReservation" classname="com.travel.tests.UserTravelPageFunctionalityTest">
    <skipped/>
  </testcase> <!-- verifyTourReservation -->
  <testcase name="verifyLanguageBtnFunctionality1" classname="com.travel.tests.UserTravelPageFunctionalityTest">
    <skipped/>
  </testcase> <!-- verifyLanguageBtnFunctionality1 -->
  <testcase name="verifyMyHotelSearching" classname="com.travel.tests.UserTravelPageFunctionalityTest">
    <skipped/>
  </testcase> <!-- verifyMyHotelSearching -->
  <testcase name="VerifyMyHotelBooking" classname="com.travel.tests.UserTravelPageFunctionalityTest">
    <skipped/>
  </testcase> <!-- VerifyMyHotelBooking -->
  <testcase name="verifyContactUsFunctionality" classname="com.travel.tests.UserTravelPageFunctionalityTest">
    <skipped/>
  </testcase> <!-- verifyContactUsFunctionality -->
</testsuite> <!-- com.travel.tests.UserTravelPageFunctionalityTest -->
