<?xml version="1.0" encoding="UTF-8"?>
<!-- Generated by org.testng.reporters.JUnitReportReporter -->
<testsuite skipped="1" hostname="Naelajatr" name="com.travel.tests.SupplierPageFunctionalityTest" tests="2" failures="0" timestamp="10 Sep 2017 20:56:56 GMT" time="47.770" errors="0">
  <testcase name="VerifySupplierAssignBtnFuncion" time="47.770" classname="com.travel.tests.SupplierPageFunctionalityTest"/>
  <testcase name="VerifySupplierAddRoomFuncionWithoutHotelName" classname="com.travel.tests.SupplierPageFunctionalityTest">
    <skipped/>
  </testcase> <!-- VerifySupplierAddRoomFuncionWithoutHotelName -->
</testsuite> <!-- com.travel.tests.SupplierPageFunctionalityTest -->
