<?xml version="1.0" encoding="UTF-8"?>
<!-- Generated by org.testng.reporters.JUnitReportReporter -->
<testsuite skipped="8" hostname="Naelajatr" name="com.travel.tests.HomePageFunctionalityTest" tests="9" failures="0" timestamp="07 Sep 2017 01:57:11 GMT" time="32.950" errors="0">
  <testcase name="chekingOnLoginLink" time="32.950" classname="com.travel.tests.HomePageFunctionalityTest"/>
  <testcase name="verifyDemoLink" classname="com.travel.tests.HomePageFunctionalityTest">
    <skipped/>
  </testcase> <!-- verifyDemoLink -->
  <testcase name="checkingOnAboutUsLink" classname="com.travel.tests.HomePageFunctionalityTest">
    <skipped/>
  </testcase> <!-- checkingOnAboutUsLink -->
  <testcase name="checkingOnCompanyLink" classname="com.travel.tests.HomePageFunctionalityTest">
    <skipped/>
  </testcase> <!-- checkingOnCompanyLink -->
  <testcase name="testDownloadButton" classname="com.travel.tests.HomePageFunctionalityTest">
    <skipped/>
  </testcase> <!-- testDownloadButton -->
  <testcase name="chekingOnProductLink" classname="com.travel.tests.HomePageFunctionalityTest">
    <skipped/>
  </testcase> <!-- chekingOnProductLink -->
  <testcase name="verifyOrderFunctionality" classname="com.travel.tests.HomePageFunctionalityTest">
    <skipped/>
  </testcase> <!-- verifyOrderFunctionality -->
  <testcase name="accessingHomePage" classname="com.travel.tests.HomePageFunctionalityTest">
    <skipped/>
  </testcase> <!-- accessingHomePage -->
  <testcase name="checkingOnServiceLink" classname="com.travel.tests.HomePageFunctionalityTest">
    <skipped/>
  </testcase> <!-- checkingOnServiceLink -->
</testsuite> <!-- com.travel.tests.HomePageFunctionalityTest -->
